<?xml version="1.0" encoding="UTF-8"?>
<!-- Generated by org.testng.reporters.JUnitXMLReporter -->
<testsuite ignored="0" hostname="BM4RQFJR2" failures="1" tests="1" name="Test" time="58.737" errors="0" timestamp="2020-11-02T11:41:15 IST">
  <testcase classname="TestProgram.ShoppingCartTest" name="ebayTest" time="58.266">
    <failure type="java.lang.AssertionError" message="expected:&amp;lt;US $3,299.00&amp;gt; but was:&amp;lt;US$ 3,299&amp;gt;">
      <![CDATA[java.lang.AssertionError: expected:<US $3,299.00> but was:<US$ 3,299>
at TestProgram.ShoppingCartTest.ebayTest(ShoppingCartTest.java:88)
at java.base/java.util.ArrayList.forEach(ArrayList.java:1510)
... Removed 29 stack frames]]>
    </failure>
  </testcase> <!-- ebayTest -->
</testsuite> <!-- Test -->
