<?xml version="1.0" encoding="UTF-8"?>
<testng-results ignored="0" total="1" passed="1" failed="0" skipped="0">
  <reporter-output>
  </reporter-output>
  <suite started-at="2020-11-04T16:19:29 IST" name="Default suite" finished-at="2020-11-04T16:20:29 IST" duration-ms="60000">
    <groups>
    </groups>
    <test started-at="2020-11-04T16:19:29 IST" name="Default test" finished-at="2020-11-04T16:20:29 IST" duration-ms="60000">
      <class name="TestProgram.ShoppingCartTest">
        <test-method is-config="true" signature="config()[pri:0, instance:TestProgram.ShoppingCartTest@1725dc0f]" started-at="2020-11-04T16:19:29 IST" name="config" finished-at="2020-11-04T16:19:29 IST" duration-ms="148" status="PASS">
          <reporter-output>
          </reporter-output>
        </test-method> <!-- config -->
        <test-method signature="ElementAdd(java.lang.String, java.lang.String)[pri:0, instance:TestProgram.ShoppingCartTest@1725dc0f]" started-at="2020-11-04T16:19:29 IST" name="ElementAdd" data-provider="Authentication" finished-at="2020-11-04T16:20:29 IST" duration-ms="59133" status="PASS">
          <params>
            <param index="0">
              <value>
                <![CDATA[audi.love25@gmail.com]]>
              </value>
            </param>
            <param index="1">
              <value>
                <![CDATA[Mitsubishi7!]]>
              </value>
            </param>
          </params>
          <reporter-output>
          </reporter-output>
        </test-method> <!-- ElementAdd -->
        <test-method is-config="true" signature="tearDown()[pri:0, instance:TestProgram.ShoppingCartTest@1725dc0f]" started-at="2020-11-04T16:20:29 IST" name="tearDown" finished-at="2020-11-04T16:20:29 IST" duration-ms="271" status="PASS">
          <reporter-output>
          </reporter-output>
        </test-method> <!-- tearDown -->
      </class> <!-- TestProgram.ShoppingCartTest -->
    </test> <!-- Default test -->
  </suite> <!-- Default suite -->
</testng-results>
